Global RMG Settings:
   test_data.directory  = /Users/abby/Code/RMG-Py/rmgpy/test_data (Default, relative to RMG-Py source code)
   database.directory   = /Users/abby/Code/RMG-database/input (Default, relative to RMG-Py source code)
RMG execution initiated at Mon Jun 10 10:40:20 2019

#########################################################
# RMG-Py - Reaction Mechanism Generator in Python       #
# Version: 2.3.0                                        #
# Authors: RMG Developers (rmg_dev@mit.edu)             #
# P.I.s:   William H. Green (whgreen@mit.edu)           #
#          Richard H. West (r.west@neu.edu)             #
# Website: http://reactionmechanismgenerator.github.io/ #
#########################################################

The current git HEAD for RMG-Py is:
	cb77e288623c2f4697b248b6e6fc4c93a356fe8b
	Wed May 22 10:38:24 2019 -0400

The current git HEAD for RMG-database is:
	949490d282053a7036f73a1ed4540b8dc4dc7ae9
	Mon May 6 13:47:10 2019 -0400

Reading input file "/Users/abby/Code/RMG-Py/examples/rmg/n-heptane/zhang2013_2atm.py"...
#!bin/python

# Data sources
database(
    thermoLibraries = ['primaryThermoLibrary'],
    reactionLibraries = [],
    seedMechanisms = [],
    kineticsDepositories = ['training'], 
    kineticsFamilies = 'default',
    kineticsEstimator = 'rate rules',
)

# Constraints on generated species
generatedSpeciesConstraints(
    maximumCarbonAtoms = 7,
)

# List of species
species(
    label='n-heptane',
    structure=SMILES("CCCCCCC"),
)

species(
    label='Ar',
    reactive=False,
    structure=SMILES("[Ar]"),
)

species(
    label='O2',
    structure=SMILES("[O][O]"),
)

simpleReactor(
    pressure=(2,'atm'),
    temperature=(1350, 'K'),
    initialMoleFractions={
        "n-heptane": 0.003747,
        "Ar": 0.955040,
        "O2" : 0.041213,
    },
    terminationTime=(1e6,'s'),
)

#absolute and relative tolerance for ODE solver, atol usually 1e-15 - 1e-25, rtol 1e-4 - 1e-8
simulator(
    atol=1e-16,
    rtol=1e-8,
)

#tolerancemovetocore is how high edge flux ratio of species must reach before entering core model
#toleranceInterruptSimulation how high edge flux ratio to interrupt sim, set equal to tolerancemove to core
model(
    toleranceMoveToCore=0.1,
    toleranceInterruptSimulation=0.1
)

# generates k(T, P) interpolation model
#wo methods available: 'modified strong collision' is faster and less accurate than 'reservoir state'
pressureDependence(
    method='modified strong collision',
    maximumGrainSize=(0.5,'kcal/mol'),
    minimumNumberOfGrains=250,
    temperatures=(1200,1500,'K',10),
    pressures=(2,10,'atm',9),
    interpolation=('Chebyshev', 6, 4),
)


1350 K
